<?xml version="1.0" encoding="UTF-8"?>
<!-- Generated by org.testng.reporters.JUnitReportReporter -->
<testsuite hostname="DESKTOP-RFLLK8D" failures="0" tests="1" name="lambdaTestcase.TPFGuestuserJourneyLambdaDesktopTest" time="2.695" errors="0" timestamp="2023-12-05T13:10:56 IST" skipped="0">
  <testcase classname="lambdaTestcase.TPFGuestuserJourneyLambdaDesktopTest" name="setUp" time="2.695"/>
</testsuite> <!-- lambdaTestcase.TPFGuestuserJourneyLambdaDesktopTest -->
