<?xml version="1.0" encoding="UTF-8"?>
<!-- Generated by org.testng.reporters.JUnitReportReporter -->
<testsuite hostname="DESKTOP-RFLLK8D" failures="0" tests="1" name="testcase.LoginTestTPF" time="37.201" errors="0" timestamp="2024-07-11T11:45:48 IST" skipped="0">
  <testcase classname="testcase.LoginTestTPF" name="verifyLoginTestTPF" time="37.201"/>
</testsuite> <!-- testcase.LoginTestTPF -->
