<?xml version="1.0" encoding="UTF-8"?>
<!-- Generated by org.testng.reporters.JUnitReportReporter -->
<testsuite hostname="DESKTOP-RFLLK8D" failures="0" tests="1" name="testcase.MyTest" time="37.348" errors="0" timestamp="2023-12-01T18:10:10 IST" skipped="0">
  <testcase classname="testcase.MyTest" name="loginTest" time="37.348"/>
</testsuite> <!-- testcase.MyTest -->
