<?xml version="1.0" encoding="UTF-8"?>
<!-- Generated by org.testng.reporters.JUnitReportReporter -->
<testsuite hostname="DESKTOP-RFLLK8D" failures="0" tests="4" name="BrowserStack.Desktop_Chrome_ThePinkFoundryTest" time="187.921" errors="0" timestamp="2023-12-04T11:21:58 IST" skipped="0">
  <testcase classname="BrowserStack.Desktop_Chrome_ThePinkFoundryTest" name="verifyLoginTest" time="43.253"/>
  <testcase classname="BrowserStack.Desktop_Chrome_ThePinkFoundryTest" name="guestUserJourneyTest" time="49.748"/>
  <testcase classname="BrowserStack.Desktop_Chrome_ThePinkFoundryTest" name="registeredUserJourneyTest" time="71.336"/>
  <testcase classname="BrowserStack.Desktop_Chrome_ThePinkFoundryTest" name="soldOutProductTest" time="23.584"/>
</testsuite> <!-- BrowserStack.Desktop_Chrome_ThePinkFoundryTest -->
