<?xml version="1.0" encoding="UTF-8"?>
<!-- Generated by org.testng.reporters.JUnitReportReporter -->
<testsuite hostname="DESKTOP-RFLLK8D" failures="0" tests="2" name="lambdaTestcase.ThePinkFoundryTestOnLambda" time="74.097" errors="0" timestamp="2023-12-05T19:04:55 IST" skipped="0">
  <testcase classname="lambdaTestcase.ThePinkFoundryTestOnLambda" name="Test1" time="32.271"/>
  <testcase classname="lambdaTestcase.ThePinkFoundryTestOnLambda" name="Test2" time="41.826"/>
</testsuite> <!-- lambdaTestcase.ThePinkFoundryTestOnLambda -->
