<?xml version="1.0" encoding="UTF-8"?>
<!-- Generated by org.testng.reporters.JUnitReportReporter -->
<testsuite hostname="DESKTOP-RFLLK8D" failures="0" tests="4" name="testcase.Desktop_Chrome_ThePinkFoundryTest" time="189.401" errors="0" timestamp="2023-12-01T18:54:02 IST" skipped="0">
  <testcase classname="testcase.Desktop_Chrome_ThePinkFoundryTest" name="verifyLoginTest" time="52.980"/>
  <testcase classname="testcase.Desktop_Chrome_ThePinkFoundryTest" name="guestUserJourneyTest" time="41.910"/>
  <testcase classname="testcase.Desktop_Chrome_ThePinkFoundryTest" name="registeredUserJourneyTest" time="67.951"/>
  <testcase classname="testcase.Desktop_Chrome_ThePinkFoundryTest" name="soldOutProductTest" time="26.560"/>
</testsuite> <!-- testcase.Desktop_Chrome_ThePinkFoundryTest -->
