<?xml version="1.0" encoding="UTF-8"?>
<!-- Generated by org.testng.reporters.JUnitReportReporter -->
<testsuite hostname="DESKTOP-RFLLK8D" failures="0" tests="1" name="testcase.SoldOutProduct" time="19.040" errors="0" timestamp="2024-02-15T18:42:59 IST" skipped="0">
  <testcase classname="testcase.SoldOutProduct" name="soldOutProductTest" time="19.040"/>
</testsuite> <!-- testcase.SoldOutProduct -->
