<?xml version="1.0" encoding="UTF-8"?>
<!-- Generated by org.testng.reporters.JUnitReportReporter -->
<testsuite hostname="DESKTOP-RFLLK8D" failures="0" tests="1" name="lambdaTestcase.VerifyLoginTest_TPF_Desktop" time="49.232" errors="0" timestamp="2023-12-06T17:23:55 IST" skipped="0">
  <testcase classname="lambdaTestcase.VerifyLoginTest_TPF_Desktop" name="guestUserJourneyTest" time="49.232"/>
</testsuite> <!-- lambdaTestcase.VerifyLoginTest_TPF_Desktop -->
