<?xml version="1.0" encoding="UTF-8"?>
<!-- Generated by org.testng.reporters.JUnitReportReporter -->
<testsuite hostname="DESKTOP-RFLLK8D" failures="0" tests="1" name="testcase.SampleLambdaTestAutomation" time="0.870" errors="0" timestamp="2023-11-30T15:41:00 IST" skipped="0">
  <testcase classname="testcase.SampleLambdaTestAutomation" name="sampleTest" time="0.870"/>
</testsuite> <!-- testcase.SampleLambdaTestAutomation -->
