<?xml version="1.0" encoding="UTF-8"?>
<!-- Generated by org.testng.reporters.JUnitReportReporter -->
<testsuite hostname="DESKTOP-RFLLK8D" failures="0" tests="4" name="BrowserStack.Desktop_Edge_ThePinkFoundryTest" time="364.391" errors="1" timestamp="2023-12-04T11:03:03 IST" skipped="0">
  <testcase classname="BrowserStack.Desktop_Edge_ThePinkFoundryTest" name="verifyLoginTest" time="51.713"/>
  <testcase classname="BrowserStack.Desktop_Edge_ThePinkFoundryTest" name="guestUserJourneyTest" time="56.589"/>
  <testcase classname="BrowserStack.Desktop_Edge_ThePinkFoundryTest" name="registeredUserJourneyTest" time="74.762"/>
  <testcase classname="BrowserStack.Desktop_Edge_ThePinkFoundryTest" name="soldOutProductTest" time="181.327">
    <error message="Error communicating with the remote browser. It may have died.
Build info: version: &#039;4.14.1&#039;, revision: &#039;03f8ede370&#039;
System info: os.name: &#039;Windows 11&#039;, os.arch: &#039;amd64&#039;, os.version: &#039;10.0&#039;, java.version: &#039;20.0.2&#039;
Driver info: org.openqa.selenium.remote.RemoteWebDriver
Command: [c4b339700d6cbb8ec5c5a34b9aa295292798f8df, sendKeysToElement [id, value]]
Capabilities {acceptInsecureCerts: false, acceptSslCerts: false, browserConnectionEnabled: false, browserName: msedge, cssSelectorsEnabled: true, databaseEnabled: false, fedcm:accounts: true, handlesAlerts: true, hasTouchScreen: false, javascriptEnabled: true, locationContextEnabled: true, mobileEmulationEnabled: false, ms:edgeOptions: {debuggerAddress: localhost:2754}, msedge: {msedgedriverVersion: 119.0.2151.44 (44557a29097a..., userDataDir: C:\Windows\proxy\scoped_dir...}, nativeEvents: true, networkConnectionEnabled: false, pageLoadStrategy: normal, platform: WINDOWS, platformName: any, rotatable: false, sessionId: c4b339700d6cbb8ec5c5a34b9aa..., setWindowRect: true, strictFileInteractability: false, takesHeapSnapshot: true, takesScreenshot: true, timeouts: {implicit: 0, pageLoad: 300000, script: 30000}, unexpectedAlertBehaviour: ignore, version: 119.0.2151.44, webStorageEnabled: true, webauthn:extension:credBlob: true, webauthn:extension:largeBlob: true, webauthn:extension:minPinLength: true, webauthn:extension:prf: true, webauthn:virtualAuthenticators: true}
Element: [[RemoteWebDriver: msedge on any (c4b339700d6cbb8ec5c5a34b9aa295292798f8df)] -&gt; xpath: //input[@type=&#039;searchhhhh&#039;]]
Session ID: c4b339700d6cbb8ec5c5a34b9aa295292798f8df" type="org.openqa.selenium.remote.UnreachableBrowserException">
      <![CDATA[org.openqa.selenium.remote.UnreachableBrowserException: Error communicating with the remote browser. It may have died.
Build info: version: '4.14.1', revision: '03f8ede370'
System info: os.name: 'Windows 11', os.arch: 'amd64', os.version: '10.0', java.version: '20.0.2'
Driver info: org.openqa.selenium.remote.RemoteWebDriver
Command: [c4b339700d6cbb8ec5c5a34b9aa295292798f8df, sendKeysToElement [id, value]]
Capabilities {acceptInsecureCerts: false, acceptSslCerts: false, browserConnectionEnabled: false, browserName: msedge, cssSelectorsEnabled: true, databaseEnabled: false, fedcm:accounts: true, handlesAlerts: true, hasTouchScreen: false, javascriptEnabled: true, locationContextEnabled: true, mobileEmulationEnabled: false, ms:edgeOptions: {debuggerAddress: localhost:2754}, msedge: {msedgedriverVersion: 119.0.2151.44 (44557a29097a..., userDataDir: C:\Windows\proxy\scoped_dir...}, nativeEvents: true, networkConnectionEnabled: false, pageLoadStrategy: normal, platform: WINDOWS, platformName: any, rotatable: false, sessionId: c4b339700d6cbb8ec5c5a34b9aa..., setWindowRect: true, strictFileInteractability: false, takesHeapSnapshot: true, takesScreenshot: true, timeouts: {implicit: 0, pageLoad: 300000, script: 30000}, unexpectedAlertBehaviour: ignore, version: 119.0.2151.44, webStorageEnabled: true, webauthn:extension:credBlob: true, webauthn:extension:largeBlob: true, webauthn:extension:minPinLength: true, webauthn:extension:prf: true, webauthn:virtualAuthenticators: true}
Element: [[RemoteWebDriver: msedge on any (c4b339700d6cbb8ec5c5a34b9aa295292798f8df)] -> xpath: //input[@type='searchhhhh']]
Session ID: c4b339700d6cbb8ec5c5a34b9aa295292798f8df
at org.openqa.selenium.remote.RemoteWebDriver.execute(RemoteWebDriver.java:629)
at org.openqa.selenium.remote.RemoteWebElement.execute(RemoteWebElement.java:224)
at org.openqa.selenium.remote.RemoteWebElement.sendKeys(RemoteWebElement.java:111)
at BrowserStack.Desktop_Edge_ThePinkFoundryTest.soldOutProductTest(Desktop_Edge_ThePinkFoundryTest.java:251)
at java.base/jdk.internal.reflect.DirectMethodHandleAccessor.invoke(DirectMethodHandleAccessor.java:104)
at java.base/java.lang.reflect.Method.invoke(Method.java:578)
at org.testng.internal.invokers.MethodInvocationHelper.invokeMethod(MethodInvocationHelper.java:139)
at org.testng.internal.invokers.TestInvoker.invokeMethod(TestInvoker.java:664)
at org.testng.internal.invokers.TestInvoker.invokeTestMethod(TestInvoker.java:227)
at org.testng.internal.invokers.MethodRunner.runInSequence(MethodRunner.java:50)
at org.testng.internal.invokers.TestInvoker$MethodInvocationAgent.invoke(TestInvoker.java:957)
at org.testng.internal.invokers.TestInvoker.invokeTestMethods(TestInvoker.java:200)
at org.testng.internal.invokers.TestMethodWorker.invokeTestMethods(TestMethodWorker.java:148)
at org.testng.internal.invokers.TestMethodWorker.run(TestMethodWorker.java:128)
at java.base/java.util.ArrayList.forEach(ArrayList.java:1511)
at org.testng.TestRunner.privateRun(TestRunner.java:848)
at org.testng.TestRunner.run(TestRunner.java:621)
at org.testng.SuiteRunner.runTest(SuiteRunner.java:443)
at org.testng.SuiteRunner.runSequentially(SuiteRunner.java:437)
at org.testng.SuiteRunner.privateRun(SuiteRunner.java:397)
at org.testng.SuiteRunner.run(SuiteRunner.java:336)
at org.testng.SuiteRunnerWorker.runSuite(SuiteRunnerWorker.java:52)
at org.testng.SuiteRunnerWorker.run(SuiteRunnerWorker.java:95)
at org.testng.TestNG.runSuitesSequentially(TestNG.java:1280)
at org.testng.TestNG.runSuitesLocally(TestNG.java:1200)
at org.testng.TestNG.runSuites(TestNG.java:1114)
at org.testng.TestNG.run(TestNG.java:1082)
at org.testng.remote.AbstractRemoteTestNG.run(AbstractRemoteTestNG.java:115)
at org.testng.remote.RemoteTestNG.initAndRun(RemoteTestNG.java:251)
at org.testng.remote.RemoteTestNG.main(RemoteTestNG.java:77)
Caused by: java.io.UncheckedIOException: java.io.IOException: chunked transfer encoding, state: READING_LENGTH
at org.openqa.selenium.remote.http.jdk.JdkHttpClient.execute0(JdkHttpClient.java:443)
at org.openqa.selenium.remote.http.AddSeleniumUserAgent.lambda$apply$0(AddSeleniumUserAgent.java:42)
at org.openqa.selenium.remote.http.Filter.lambda$andFinally$1(Filter.java:55)
at org.openqa.selenium.remote.http.jdk.JdkHttpClient.execute(JdkHttpClient.java:359)
at org.openqa.selenium.remote.tracing.TracedHttpClient.execute(TracedHttpClient.java:54)
at org.openqa.selenium.remote.HttpCommandExecutor.execute(HttpCommandExecutor.java:188)
at org.openqa.selenium.remote.TracedCommandExecutor.execute(TracedCommandExecutor.java:51)
at org.openqa.selenium.remote.RemoteWebDriver.execute(RemoteWebDriver.java:602)
... 29 more
Caused by: java.io.IOException: chunked transfer encoding, state: READING_LENGTH
at java.net.http/jdk.internal.net.http.common.Utils.wrapWithExtraDetail(Utils.java:351)
at java.net.http/jdk.internal.net.http.Http1Response$BodyReader.onReadError(Http1Response.java:660)
at java.net.http/jdk.internal.net.http.Http1AsyncReceiver.checkForErrors(Http1AsyncReceiver.java:302)
at java.net.http/jdk.internal.net.http.Http1AsyncReceiver.flush(Http1AsyncReceiver.java:268)
at java.net.http/jdk.internal.net.http.common.SequentialScheduler$LockingRestartableTask.run(SequentialScheduler.java:205)
at java.net.http/jdk.internal.net.http.common.SequentialScheduler$CompleteRestartableTask.run(SequentialScheduler.java:149)
at java.net.http/jdk.internal.net.http.common.SequentialScheduler$SchedulableTask.run(SequentialScheduler.java:230)
at java.base/java.util.concurrent.ThreadPoolExecutor.runWorker(ThreadPoolExecutor.java:1144)
at java.base/java.util.concurrent.ThreadPoolExecutor$Worker.run(ThreadPoolExecutor.java:642)
at java.base/java.lang.Thread.run(Thread.java:1623)
Caused by: java.io.IOException: connection closed locally
at java.net.http/jdk.internal.net.http.SocketTube.signalClosed(SocketTube.java:159)
at java.net.http/jdk.internal.net.http.PlainHttpConnection.close(PlainHttpConnection.java:405)
at java.net.http/jdk.internal.net.http.AsyncSSLConnection.close(AsyncSSLConnection.java:111)
at java.net.http/jdk.internal.net.http.Http1Exchange.cancelImpl(Http1Exchange.java:600)
at java.net.http/jdk.internal.net.http.Http1Exchange.cancel(Http1Exchange.java:515)
at java.net.http/jdk.internal.net.http.Exchange.cancel(Exchange.java:264)
at java.net.http/jdk.internal.net.http.MultiExchange.cancel(MultiExchange.java:261)
at java.net.http/jdk.internal.net.http.ResponseTimerEvent.handle(ResponseTimerEvent.java:71)
at java.net.http/jdk.internal.net.http.HttpClientImpl.purgeTimeoutsAndReturnNextDeadline(HttpClientImpl.java:1689)
at java.net.http/jdk.internal.net.http.HttpClientImpl$SelectorManager.run(HttpClientImpl.java:1299)
]]>
    </error>
  </testcase> <!-- soldOutProductTest -->
</testsuite> <!-- BrowserStack.Desktop_Edge_ThePinkFoundryTest -->
