<?xml version="1.0" encoding="UTF-8"?>
<!-- Generated by org.testng.reporters.JUnitReportReporter -->
<testsuite hostname="DESKTOP-RFLLK8D" failures="0" tests="2" name="lambdaTestcase.ZodiacTestOnLambda" time="50.324" errors="0" timestamp="2024-07-03T17:43:38 IST" skipped="0">
  <testcase classname="lambdaTestcase.ZodiacTestOnLambda" name="Test1" time="19.551"/>
  <testcase classname="lambdaTestcase.ZodiacTestOnLambda" name="Test2" time="30.773"/>
</testsuite> <!-- lambdaTestcase.ZodiacTestOnLambda -->
