<?xml version="1.0" encoding="UTF-8"?>
<!-- Generated by org.testng.reporters.JUnitReportReporter -->
<testsuite hostname="DESKTOP-RFLLK8D" failures="0" tests="1" name="testcase.UserJourney" time="33.863" errors="0" timestamp="2023-12-01T10:02:02 IST" skipped="0">
  <testcase classname="testcase.UserJourney" name="guestUserJourneyTest" time="33.863"/>
</testsuite> <!-- testcase.UserJourney -->
